<?xml version="1.0" encoding="UTF-8" ?>
<testsuite errors="1" failures="0" hostname="Karanja-PC" name="MultiScreenFramework" skipped="0" tests="1" time="0.531" timestamp="2017-03-08T19:18:31">
  <properties>
[...]
</properties>
  <testcase classname="MultiScreenFramework" name="initializationError" time="0.047">
    <error message="No runnable methods" type="java.lang.Exception">java.lang.Exception: No runnable methods
	at java.lang.reflect.Constructor.newInstance(Constructor.java:423)
</error>
  </testcase>
  <system-out><![CDATA[]]></system-out>
  <system-err><![CDATA[]]></system-err>
</testsuite>
